<?xml version="1.0" encoding="UTF-8"?>
<!-- Generated by org.testng.reporters.JUnitReportReporter -->
<testsuite hostname="WKWIN2457730" name="hp.hpe.entco.microfocus.Sorting" tests="1" failures="0" timestamp="27 May 2019 10:22:15 GMT" time="10.235" errors="0">
  <testcase name="Sorting2" time="10.235" classname="hp.hpe.entco.microfocus.Sorting"/>
</testsuite> <!-- hp.hpe.entco.microfocus.Sorting -->
